Unity Editor version:    2021.2.3f1c1 (7216c3a06de6)
Branch:                  2021.2/china_unity/release
Build type:              Release
Batch mode:              YES
macOS version:           Version 11.2.1 (Build 20D75)
Darwin version:          20.3.0
Architecture:            x86_64
Running under Rosetta:   NO
Available memory:        16384 MB
Using pre-set license
Pro License: NO

COMMAND LINE ARGUMENTS:
/Applications/Unity/Hub/Editor/2021.2.3f1c1/Unity.app/Contents/MacOS/Unity
-adb2
-batchMode
-noUpm
-name
AssetImportWorker2
-projectPath
/Users/mac/Documents/project/UnityTest/Shader/ShaderHelloWorld
-logFile
Logs/AssetImportWorker2.log
-srvPort
59580
Successfully changed project path to: /Users/mac/Documents/project/UnityTest/Shader/ShaderHelloWorld
/Users/mac/Documents/project/UnityTest/Shader/ShaderHelloWorld
[UnityMemory] Configuration Parameters - Can be set up in boot.config
    "memorysetup-bucket-allocator-granularity=16"
    "memorysetup-bucket-allocator-bucket-count=8"
    "memorysetup-bucket-allocator-block-size=33554432"
    "memorysetup-bucket-allocator-block-count=8"
    "memorysetup-main-allocator-block-size=16777216"
    "memorysetup-thread-allocator-block-size=16777216"
    "memorysetup-gfx-main-allocator-block-size=16777216"
    "memorysetup-gfx-thread-allocator-block-size=16777216"
    "memorysetup-cache-allocator-block-size=4194304"
    "memorysetup-typetree-allocator-block-size=2097152"
    "memorysetup-profiler-bucket-allocator-granularity=16"
    "memorysetup-profiler-bucket-allocator-bucket-count=8"
    "memorysetup-profiler-bucket-allocator-block-size=33554432"
    "memorysetup-profiler-bucket-allocator-block-count=8"
    "memorysetup-profiler-allocator-block-size=16777216"
    "memorysetup-profiler-editor-allocator-block-size=1048576"
    "memorysetup-temp-allocator-size-main=16777216"
    "memorysetup-job-temp-allocator-block-size=2097152"
    "memorysetup-job-temp-allocator-block-size-background=1048576"
    "memorysetup-job-temp-allocator-reduction-small-platforms=262144"
    "memorysetup-temp-allocator-size-background-worker=32768"
    "memorysetup-temp-allocator-size-job-worker=262144"
    "memorysetup-temp-allocator-size-preload-manager=33554432"
    "memorysetup-temp-allocator-size-nav-mesh-worker=65536"
    "memorysetup-temp-allocator-size-audio-worker=65536"
    "memorysetup-temp-allocator-size-cloud-worker=32768"
    "memorysetup-temp-allocator-size-gi-baking-worker=262144"
    "memorysetup-temp-allocator-size-gfx=262144"
AS: AutoStreaming module initializing.
Refreshing native plugins compatible for Editor in 82.55 ms, found 2 plugins.
Preloading 0 native plugins for Editor in 0.00 ms.
Initialize engine version: 2021.2.3f1c1 (7216c3a06de6)
[Subsystems] Discovering subsystems at path /Applications/Unity/Hub/Editor/2021.2.3f1c1/Unity.app/Contents/Resources/UnitySubsystems
[Subsystems] Discovering subsystems at path /Users/mac/Documents/project/UnityTest/Shader/ShaderHelloWorld/Assets
GfxDevice: creating device client; threaded=0; jobified=0
DELL U2417H preferred device: Intel(R) KBL Unknown (low power)
Metal devices available: 1
0: Intel(R) KBL Unknown (low power)
Using device Intel(R) KBL Unknown (low power)
Initializing Metal device caps: Intel(R) KBL Unknown
Initialize mono
Mono path[0] = '/Applications/Unity/Hub/Editor/2021.2.3f1c1/Unity.app/Contents/Managed'
Mono path[1] = '/Applications/Unity/Hub/Editor/2021.2.3f1c1/Unity.app/Contents/MonoBleedingEdge/lib/mono/unityjit-macos'
Mono config path = '/Applications/Unity/Hub/Editor/2021.2.3f1c1/Unity.app/Contents/MonoBleedingEdge/etc'
Using monoOptions --debugger-agent=transport=dt_socket,embedding=1,server=y,suspend=n,address=127.0.0.1:56297
Begin MonoManager ReloadAssembly
Registering precompiled unity dll's ...
Register platform support module: /Applications/Unity/Hub/Editor/2021.2.3f1c1/Unity.app/Contents/PlaybackEngines/MacStandaloneSupport/UnityEditor.OSXStandalone.Extensions.dll
Registered in 0.002238 seconds.
Native extension for OSXStandalone target not found
Refreshing native plugins compatible for Editor in 70.68 ms, found 2 plugins.
Preloading 0 native plugins for Editor in 0.00 ms.
Mono: successfully reloaded assembly
- Completed reload, in  0.698 seconds
Domain Reload Profiling:
	ReloadAssembly (698ms)
		BeginReloadAssembly (105ms)
			ExecutionOrderSort (0ms)
			DisableScriptedObjects (0ms)
			BackupInstance (0ms)
			ReleaseScriptingObjects (0ms)
			CreateAndSetChildDomain (1ms)
		EndReloadAssembly (501ms)
			LoadAssemblies (106ms)
			RebuildTransferFunctionScriptingTraits (0ms)
			SetupTypeCache (128ms)
			ReleaseScriptCaches (0ms)
			RebuildScriptCaches (31ms)
			SetupLoadedEditorAssemblies (287ms)
				LogAssemblyErrors (0ms)
				InitializePlatformSupportModulesInManaged (13ms)
				SetLoadedEditorAssemblies (0ms)
				RefreshPlugins (71ms)
				BeforeProcessingInitializeOnLoad (1ms)
				ProcessInitializeOnLoadAttributes (156ms)
				ProcessInitializeOnLoadMethodAttributes (46ms)
				AfterProcessingInitializeOnLoad (0ms)
				EditorAssembliesLoaded (0ms)
			ExecutionOrderSort2 (0ms)
			AwakeInstancesAfterBackupRestoration (0ms)
Platform modules already initialized, skipping
Registering precompiled user dll's ...
Registered in 0.006873 seconds.
Begin MonoManager ReloadAssembly
Symbol file LoadedFromMemory doesn't match image /Users/mac/Documents/project/UnityTest/Shader/ShaderHelloWorld/Library/PackageCache/com.unity.visualscripting@1.7.5/Editor/VisualScripting.Core/Dependencies/YamlDotNet/Unity.VisualScripting.YamlDotNet.dll
Symbol file LoadedFromMemory doesn't match image /Users/mac/Documents/project/UnityTest/Shader/ShaderHelloWorld/Library/PackageCache/com.unity.visualscripting@1.7.5/Editor/VisualScripting.Core/Dependencies/DotNetZip/Unity.VisualScripting.IonicZip.dll
Native extension for OSXStandalone target not found
Refreshing native plugins compatible for Editor in 0.47 ms, found 2 plugins.
Preloading 0 native plugins for Editor in 0.00 ms.
Mono: successfully reloaded assembly
- Completed reload, in  1.179 seconds
Domain Reload Profiling:
	ReloadAssembly (1180ms)
		BeginReloadAssembly (176ms)
			ExecutionOrderSort (0ms)
			DisableScriptedObjects (6ms)
			BackupInstance (0ms)
			ReleaseScriptingObjects (0ms)
			CreateAndSetChildDomain (27ms)
		EndReloadAssembly (902ms)
			LoadAssemblies (103ms)
			RebuildTransferFunctionScriptingTraits (0ms)
			SetupTypeCache (292ms)
			ReleaseScriptCaches (1ms)
			RebuildScriptCaches (51ms)
			SetupLoadedEditorAssemblies (344ms)
				LogAssemblyErrors (0ms)
				InitializePlatformSupportModulesInManaged (8ms)
				SetLoadedEditorAssemblies (0ms)
				RefreshPlugins (0ms)
				BeforeProcessingInitializeOnLoad (68ms)
				ProcessInitializeOnLoadAttributes (240ms)
				ProcessInitializeOnLoadMethodAttributes (25ms)
				AfterProcessingInitializeOnLoad (2ms)
				EditorAssembliesLoaded (0ms)
			ExecutionOrderSort2 (0ms)
			AwakeInstancesAfterBackupRestoration (4ms)
Platform modules already initialized, skipping
========================================================================
Worker process is ready to serve import requests
Launching external process: /Applications/Unity/Hub/Editor/2021.2.3f1c1/Unity.app/Contents/Tools/UnityShaderCompiler
Launched and connected shader compiler UnityShaderCompiler after 0.03 seconds
Refreshing native plugins compatible for Editor in 0.55 ms, found 2 plugins.
Preloading 0 native plugins for Editor in 0.00 ms.
Unloading 3215 Unused Serialized files (Serialized files now loaded: 0)
Unloading 26 unused Assets / (94.5 KB). Loaded Objects now: 3691.
Memory consumption went from 243.9 MB to 243.8 MB.
Total: 2.857974 ms (FindLiveObjects: 0.261564 ms CreateObjectMapping: 0.173647 ms MarkObjects: 2.321503 ms  DeleteObjects: 0.100601 ms)

AssetImportParameters requested are different than current active one (requested -> active):
  custom:video-decoder-ogg-theora: a1e56fd34408186e4bbccfd4996cb3dc -> 
  custom:container-muxer-webm: aa71ff27fc2769a1b78a27578f13a17b -> 
  custom:container-demuxer-webm: 4f35f7cbe854078d1ac9338744f61a02 -> 
  custom:video-encoder-webm-vp8: eb34c28f22e8b96e1ab97ce403110664 -> 
  custom:framework-osx-AVFoundation: e770b220cccbd017edd2c1fefb359320 -> 
  custom:audio-encoder-webm-vorbis: bf7c407c2cedff20999df2af8eb42d56 -> 
  custom:container-demuxer-ogg: 62fdf1f143b41e24485cea50d1cbac27 -> 
  custom:video-decoder-webm-vp8: 9c59270c3fd7afecdb556c50c9e8de78 -> 
  custom:audio-decoder-ogg-vorbis: bf7c407c2cedff20999df2af8eb42d56 -> 
========================================================================
Received Prepare
Registering precompiled user dll's ...
Registered in 0.002098 seconds.
Begin MonoManager ReloadAssembly
Symbol file LoadedFromMemory doesn't match image /Users/mac/Documents/project/UnityTest/Shader/ShaderHelloWorld/Library/PackageCache/com.unity.visualscripting@1.7.5/Editor/VisualScripting.Core/Dependencies/YamlDotNet/Unity.VisualScripting.YamlDotNet.dll
Symbol file LoadedFromMemory doesn't match image /Users/mac/Documents/project/UnityTest/Shader/ShaderHelloWorld/Library/PackageCache/com.unity.visualscripting@1.7.5/Editor/VisualScripting.Core/Dependencies/DotNetZip/Unity.VisualScripting.IonicZip.dll
Native extension for OSXStandalone target not found
Refreshing native plugins compatible for Editor in 2.81 ms, found 2 plugins.
Preloading 0 native plugins for Editor in 0.00 ms.
Mono: successfully reloaded assembly
- Completed reload, in  1.299 seconds
Domain Reload Profiling:
	ReloadAssembly (1299ms)
		BeginReloadAssembly (196ms)
			ExecutionOrderSort (0ms)
			DisableScriptedObjects (8ms)
			BackupInstance (0ms)
			ReleaseScriptingObjects (0ms)
			CreateAndSetChildDomain (93ms)
		EndReloadAssembly (958ms)
			LoadAssemblies (83ms)
			RebuildTransferFunctionScriptingTraits (0ms)
			SetupTypeCache (373ms)
			ReleaseScriptCaches (2ms)
			RebuildScriptCaches (57ms)
			SetupLoadedEditorAssemblies (314ms)
				LogAssemblyErrors (0ms)
				InitializePlatformSupportModulesInManaged (9ms)
				SetLoadedEditorAssemblies (1ms)
				RefreshPlugins (3ms)
				BeforeProcessingInitializeOnLoad (58ms)
				ProcessInitializeOnLoadAttributes (216ms)
				ProcessInitializeOnLoadMethodAttributes (26ms)
				AfterProcessingInitializeOnLoad (2ms)
				EditorAssembliesLoaded (0ms)
			ExecutionOrderSort2 (0ms)
			AwakeInstancesAfterBackupRestoration (5ms)
Platform modules already initialized, skipping
Refreshing native plugins compatible for Editor in 0.51 ms, found 2 plugins.
Preloading 0 native plugins for Editor in 0.00 ms.
Unloading 3213 Unused Serialized files (Serialized files now loaded: 0)
Unloading 29 unused Assets / (1.1 MB). Loaded Objects now: 3693.
Memory consumption went from 246.6 MB to 245.4 MB.
Total: 3.222748 ms (FindLiveObjects: 0.249173 ms CreateObjectMapping: 0.138223 ms MarkObjects: 2.363289 ms  DeleteObjects: 0.471258 ms)

AssetImportParameters requested are different than current active one (requested -> active):
  custom:video-decoder-ogg-theora: a1e56fd34408186e4bbccfd4996cb3dc -> 
  custom:container-muxer-webm: aa71ff27fc2769a1b78a27578f13a17b -> 
  custom:container-demuxer-webm: 4f35f7cbe854078d1ac9338744f61a02 -> 
  custom:video-encoder-webm-vp8: eb34c28f22e8b96e1ab97ce403110664 -> 
  custom:framework-osx-AVFoundation: e770b220cccbd017edd2c1fefb359320 -> 
  custom:audio-encoder-webm-vorbis: bf7c407c2cedff20999df2af8eb42d56 -> 
  custom:container-demuxer-ogg: 62fdf1f143b41e24485cea50d1cbac27 -> 
  custom:video-decoder-webm-vp8: 9c59270c3fd7afecdb556c50c9e8de78 -> 
  custom:audio-decoder-ogg-vorbis: bf7c407c2cedff20999df2af8eb42d56 -> 
========================================================================
Received Import Request.
  Time since last request: 1457390.340281 seconds.
  path: Assets/Robot Kyle/Materials/Robot_Color.mat
  artifactKey: Guid(0aa851515cd3747d6b3b3e461199a2ed) Importer(815301076,1909f56bfc062723c751e8b465ee728b)
Start importing Assets/Robot Kyle/Materials/Robot_Color.mat using Guid(0aa851515cd3747d6b3b3e461199a2ed) Importer(815301076,1909f56bfc062723c751e8b465ee728b)  -> (artifact id: '4993f0473c16bdb2faf3b921e8d983bb') in 0.841267 seconds 
========================================================================
Received Import Request.
  Time since last request: 54.487963 seconds.
  path: Assets/Robot Kyle/Model/Robot Kyle.fbx
  artifactKey: Guid(320b1c2af77554f99a1658df4a6d3d5c) Importer(815301076,1909f56bfc062723c751e8b465ee728b)
Start importing Assets/Robot Kyle/Model/Robot Kyle.fbx using Guid(320b1c2af77554f99a1658df4a6d3d5c) Importer(815301076,1909f56bfc062723c751e8b465ee728b)  -> (artifact id: '2a3ec9913b388e54dab66ac6b81fb541') in 0.345438 seconds 
========================================================================
Received Import Request.
  Time since last request: 43.231916 seconds.
  path: Assets/materials/Dissolve.mat
  artifactKey: Guid(7044ba00c52144a26b2d154b4c8c92f1) Importer(815301076,1909f56bfc062723c751e8b465ee728b)
Start importing Assets/materials/Dissolve.mat using Guid(7044ba00c52144a26b2d154b4c8c92f1) Importer(815301076,1909f56bfc062723c751e8b465ee728b)  -> (artifact id: '2e6d085b7ecc1fac8319ef4bbcca0690') in 0.025728 seconds 
========================================================================
Received Import Request.
  Time since last request: 18.543428 seconds.
  path: Assets/materials/Dissolve.mat
  artifactKey: Guid(7044ba00c52144a26b2d154b4c8c92f1) Importer(815301076,1909f56bfc062723c751e8b465ee728b)
Start importing Assets/materials/Dissolve.mat using Guid(7044ba00c52144a26b2d154b4c8c92f1) Importer(815301076,1909f56bfc062723c751e8b465ee728b)  -> (artifact id: '207ac83994e5a365e156bc58abaea394') in 0.018092 seconds 
========================================================================
Received Import Request.
  Time since last request: 99.075603 seconds.
  path: Assets/Scenes/custom
  artifactKey: Guid(6e5d6dbc1ab174800b85247262bd2c53) Importer(815301076,1909f56bfc062723c751e8b465ee728b)
Start importing Assets/Scenes/custom using Guid(6e5d6dbc1ab174800b85247262bd2c53) Importer(815301076,1909f56bfc062723c751e8b465ee728b)  -> (artifact id: '4926dc3b8a0a0d1b8bd916e9716b67c5') in 0.001217 seconds 
========================================================================
Received Import Request.
  Time since last request: 21.970050 seconds.
  path: Assets/Scenes/custom/Dissolve.unity
  artifactKey: Guid(31b9091090eb342aa94446c511cdb0ca) Importer(815301076,1909f56bfc062723c751e8b465ee728b)
Start importing Assets/Scenes/custom/Dissolve.unity using Guid(31b9091090eb342aa94446c511cdb0ca) Importer(815301076,1909f56bfc062723c751e8b465ee728b)  -> (artifact id: '60c0d0445541d974ba4471473509b93b') in 0.001260 seconds 
========================================================================
Received Import Request.
  Time since last request: 7.849213 seconds.
  path: Assets/Shader/Dissolve_01.shader
  artifactKey: Guid(8510abeeded7440d996e74f944bf18bc) Importer(815301076,1909f56bfc062723c751e8b465ee728b)
Start importing Assets/Shader/Dissolve_01.shader using Guid(8510abeeded7440d996e74f944bf18bc) Importer(815301076,1909f56bfc062723c751e8b465ee728b)  -> (artifact id: '915e674e7f788bf86c38a38407eda5a7') in 0.168757 seconds 
========================================================================
Received Import Request.
  Time since last request: 0.249574 seconds.
  path: Assets/Shader/Dissolve_1.shader
  artifactKey: Guid(06099d380681c42a9b941a10de3b5f18) Importer(815301076,1909f56bfc062723c751e8b465ee728b)
Start importing Assets/Shader/Dissolve_1.shader using Guid(06099d380681c42a9b941a10de3b5f18) Importer(815301076,1909f56bfc062723c751e8b465ee728b)  -> (artifact id: 'd824bd04220f37038fac144ba31cf623') in 0.003034 seconds 
========================================================================
Received Import Request.
  Time since last request: 8.521919 seconds.
  path: Assets/Stone/Materials/stone_D.mat
  artifactKey: Guid(353c197d58a213c4caf8d83ce2caf528) Importer(815301076,1909f56bfc062723c751e8b465ee728b)
Start importing Assets/Stone/Materials/stone_D.mat using Guid(353c197d58a213c4caf8d83ce2caf528) Importer(815301076,1909f56bfc062723c751e8b465ee728b)  -> (artifact id: '8d85608c486822409d74558f32920922') in 0.014569 seconds 
========================================================================
Received Import Request.
  Time since last request: 2.998082 seconds.
  path: Assets/Stone/stone.fbx
  artifactKey: Guid(ac6f60f12976bea47a4b5158d3c0283b) Importer(815301076,1909f56bfc062723c751e8b465ee728b)
Start importing Assets/Stone/stone.fbx using Guid(ac6f60f12976bea47a4b5158d3c0283b) Importer(815301076,1909f56bfc062723c751e8b465ee728b)  -> (artifact id: 'c194c888ea7c1422fe7a45420019cb28') in 0.019542 seconds 
========================================================================
Received Import Request.
  Time since last request: 5.780439 seconds.
  path: Assets/Stone/Materials/stone_D.mat
  artifactKey: Guid(353c197d58a213c4caf8d83ce2caf528) Importer(815301076,1909f56bfc062723c751e8b465ee728b)
Start importing Assets/Stone/Materials/stone_D.mat using Guid(353c197d58a213c4caf8d83ce2caf528) Importer(815301076,1909f56bfc062723c751e8b465ee728b)  -> (artifact id: '33df96b28c949e2efa425fa837fa36b4') in 0.231976 seconds 
========================================================================
Received Import Request.
  Time since last request: 1.880282 seconds.
  path: Assets/Stone/stone.fbx
  artifactKey: Guid(ac6f60f12976bea47a4b5158d3c0283b) Importer(815301076,1909f56bfc062723c751e8b465ee728b)
Start importing Assets/Stone/stone.fbx using Guid(ac6f60f12976bea47a4b5158d3c0283b) Importer(815301076,1909f56bfc062723c751e8b465ee728b)  -> (artifact id: '7cd7fcd185488648bd2da007fcdf4fc7') in 0.019380 seconds 
========================================================================
Received Import Request.
  Time since last request: 1946.237912 seconds.
  path: Assets/pom_Cloud/Materials/Cloud.mat
  artifactKey: Guid(b9457d2498b802e4ab2dcf4fa9b8ded8) Importer(815301076,1909f56bfc062723c751e8b465ee728b)
Start importing Assets/pom_Cloud/Materials/Cloud.mat using Guid(b9457d2498b802e4ab2dcf4fa9b8ded8) Importer(815301076,1909f56bfc062723c751e8b465ee728b)  -> (artifact id: '3ce1c3f37f2a2a1786e55abb09e6f0b4') in 0.101814 seconds 
========================================================================
Received Import Request.
  Time since last request: 5.904214 seconds.
  path: Assets/Robot Kyle/Materials/Robot_Color.mat
  artifactKey: Guid(0aa851515cd3747d6b3b3e461199a2ed) Importer(815301076,1909f56bfc062723c751e8b465ee728b)
Start importing Assets/Robot Kyle/Materials/Robot_Color.mat using Guid(0aa851515cd3747d6b3b3e461199a2ed) Importer(815301076,1909f56bfc062723c751e8b465ee728b)  -> (artifact id: '903cb00432e2c1da0a1c9694086fbc5c') in 0.020442 seconds 
