Unity Editor version:    2021.2.3f1c1 (7216c3a06de6)
Branch:                  2021.2/china_unity/release
Build type:              Release
Batch mode:              YES
macOS version:           Version 11.2.1 (Build 20D75)
Darwin version:          20.3.0
Architecture:            x86_64
Running under Rosetta:   NO
Available memory:        16384 MB
Using pre-set license
Pro License: NO

COMMAND LINE ARGUMENTS:
/Applications/Unity/Hub/Editor/2021.2.3f1c1/Unity.app/Contents/MacOS/Unity
-adb2
-batchMode
-noUpm
-name
AssetImportWorker0
-projectPath
/Users/mac/Documents/project/UnityTest/Shader/ShaderHelloWorld
-logFile
Logs/AssetImportWorker0.log
-srvPort
53437
Successfully changed project path to: /Users/mac/Documents/project/UnityTest/Shader/ShaderHelloWorld
/Users/mac/Documents/project/UnityTest/Shader/ShaderHelloWorld
[UnityMemory] Configuration Parameters - Can be set up in boot.config
    "memorysetup-bucket-allocator-granularity=16"
    "memorysetup-bucket-allocator-bucket-count=8"
    "memorysetup-bucket-allocator-block-size=33554432"
    "memorysetup-bucket-allocator-block-count=8"
    "memorysetup-main-allocator-block-size=16777216"
    "memorysetup-thread-allocator-block-size=16777216"
    "memorysetup-gfx-main-allocator-block-size=16777216"
    "memorysetup-gfx-thread-allocator-block-size=16777216"
    "memorysetup-cache-allocator-block-size=4194304"
    "memorysetup-typetree-allocator-block-size=2097152"
    "memorysetup-profiler-bucket-allocator-granularity=16"
    "memorysetup-profiler-bucket-allocator-bucket-count=8"
    "memorysetup-profiler-bucket-allocator-block-size=33554432"
    "memorysetup-profiler-bucket-allocator-block-count=8"
    "memorysetup-profiler-allocator-block-size=16777216"
    "memorysetup-profiler-editor-allocator-block-size=1048576"
    "memorysetup-temp-allocator-size-main=16777216"
    "memorysetup-job-temp-allocator-block-size=2097152"
    "memorysetup-job-temp-allocator-block-size-background=1048576"
    "memorysetup-job-temp-allocator-reduction-small-platforms=262144"
    "memorysetup-temp-allocator-size-background-worker=32768"
    "memorysetup-temp-allocator-size-job-worker=262144"
    "memorysetup-temp-allocator-size-preload-manager=33554432"
    "memorysetup-temp-allocator-size-nav-mesh-worker=65536"
    "memorysetup-temp-allocator-size-audio-worker=65536"
    "memorysetup-temp-allocator-size-cloud-worker=32768"
    "memorysetup-temp-allocator-size-gi-baking-worker=262144"
    "memorysetup-temp-allocator-size-gfx=262144"
AS: AutoStreaming module initializing.
Refreshing native plugins compatible for Editor in 91.31 ms, found 2 plugins.
Preloading 0 native plugins for Editor in 0.00 ms.
Initialize engine version: 2021.2.3f1c1 (7216c3a06de6)
[Subsystems] Discovering subsystems at path /Applications/Unity/Hub/Editor/2021.2.3f1c1/Unity.app/Contents/Resources/UnitySubsystems
[Subsystems] Discovering subsystems at path /Users/mac/Documents/project/UnityTest/Shader/ShaderHelloWorld/Assets
GfxDevice: creating device client; threaded=0; jobified=0
DELL U2417H preferred device: Intel(R) KBL Unknown (low power)
Metal devices available: 1
0: Intel(R) KBL Unknown (low power)
Using device Intel(R) KBL Unknown (low power)
Initializing Metal device caps: Intel(R) KBL Unknown
Initialize mono
Mono path[0] = '/Applications/Unity/Hub/Editor/2021.2.3f1c1/Unity.app/Contents/Managed'
Mono path[1] = '/Applications/Unity/Hub/Editor/2021.2.3f1c1/Unity.app/Contents/MonoBleedingEdge/lib/mono/unityjit-macos'
Mono config path = '/Applications/Unity/Hub/Editor/2021.2.3f1c1/Unity.app/Contents/MonoBleedingEdge/etc'
Using monoOptions --debugger-agent=transport=dt_socket,embedding=1,server=y,suspend=n,address=127.0.0.1:56083
Begin MonoManager ReloadAssembly
Registering precompiled unity dll's ...
Register platform support module: /Applications/Unity/Hub/Editor/2021.2.3f1c1/Unity.app/Contents/PlaybackEngines/MacStandaloneSupport/UnityEditor.OSXStandalone.Extensions.dll
Registered in 0.002098 seconds.
Native extension for OSXStandalone target not found
Refreshing native plugins compatible for Editor in 68.34 ms, found 2 plugins.
Preloading 0 native plugins for Editor in 0.00 ms.
Mono: successfully reloaded assembly
- Completed reload, in  0.768 seconds
Domain Reload Profiling:
	ReloadAssembly (768ms)
		BeginReloadAssembly (197ms)
			ExecutionOrderSort (0ms)
			DisableScriptedObjects (0ms)
			BackupInstance (0ms)
			ReleaseScriptingObjects (0ms)
			CreateAndSetChildDomain (1ms)
		EndReloadAssembly (483ms)
			LoadAssemblies (196ms)
			RebuildTransferFunctionScriptingTraits (0ms)
			SetupTypeCache (126ms)
			ReleaseScriptCaches (0ms)
			RebuildScriptCaches (31ms)
			SetupLoadedEditorAssemblies (275ms)
				LogAssemblyErrors (0ms)
				InitializePlatformSupportModulesInManaged (11ms)
				SetLoadedEditorAssemblies (0ms)
				RefreshPlugins (68ms)
				BeforeProcessingInitializeOnLoad (1ms)
				ProcessInitializeOnLoadAttributes (146ms)
				ProcessInitializeOnLoadMethodAttributes (47ms)
				AfterProcessingInitializeOnLoad (0ms)
				EditorAssembliesLoaded (0ms)
			ExecutionOrderSort2 (0ms)
			AwakeInstancesAfterBackupRestoration (0ms)
Platform modules already initialized, skipping
Registering precompiled user dll's ...
Registered in 0.002194 seconds.
Begin MonoManager ReloadAssembly
Symbol file LoadedFromMemory doesn't match image /Users/mac/Documents/project/UnityTest/Shader/ShaderHelloWorld/Library/PackageCache/com.unity.visualscripting@1.7.5/Editor/VisualScripting.Core/Dependencies/YamlDotNet/Unity.VisualScripting.YamlDotNet.dll
Symbol file LoadedFromMemory doesn't match image /Users/mac/Documents/project/UnityTest/Shader/ShaderHelloWorld/Library/PackageCache/com.unity.visualscripting@1.7.5/Editor/VisualScripting.Core/Dependencies/DotNetZip/Unity.VisualScripting.IonicZip.dll
Native extension for OSXStandalone target not found
Refreshing native plugins compatible for Editor in 0.48 ms, found 2 plugins.
Preloading 0 native plugins for Editor in 0.00 ms.
Mono: successfully reloaded assembly
- Completed reload, in  1.224 seconds
Domain Reload Profiling:
	ReloadAssembly (1225ms)
		BeginReloadAssembly (192ms)
			ExecutionOrderSort (0ms)
			DisableScriptedObjects (6ms)
			BackupInstance (0ms)
			ReleaseScriptingObjects (0ms)
			CreateAndSetChildDomain (29ms)
		EndReloadAssembly (928ms)
			LoadAssemblies (100ms)
			RebuildTransferFunctionScriptingTraits (0ms)
			SetupTypeCache (299ms)
			ReleaseScriptCaches (1ms)
			RebuildScriptCaches (51ms)
			SetupLoadedEditorAssemblies (368ms)
				LogAssemblyErrors (0ms)
				InitializePlatformSupportModulesInManaged (9ms)
				SetLoadedEditorAssemblies (0ms)
				RefreshPlugins (0ms)
				BeforeProcessingInitializeOnLoad (68ms)
				ProcessInitializeOnLoadAttributes (260ms)
				ProcessInitializeOnLoadMethodAttributes (24ms)
				AfterProcessingInitializeOnLoad (5ms)
				EditorAssembliesLoaded (0ms)
			ExecutionOrderSort2 (0ms)
			AwakeInstancesAfterBackupRestoration (4ms)
Platform modules already initialized, skipping
========================================================================
Worker process is ready to serve import requests
Launching external process: /Applications/Unity/Hub/Editor/2021.2.3f1c1/Unity.app/Contents/Tools/UnityShaderCompiler
Launched and connected shader compiler UnityShaderCompiler after 0.04 seconds
Refreshing native plugins compatible for Editor in 0.70 ms, found 2 plugins.
Preloading 0 native plugins for Editor in 0.00 ms.
Unloading 3213 Unused Serialized files (Serialized files now loaded: 0)
Unloading 28 unused Assets / (121.2 KB). Loaded Objects now: 3670.
Memory consumption went from 229.1 MB to 229.0 MB.
Total: 3.866210 ms (FindLiveObjects: 0.517732 ms CreateObjectMapping: 0.386368 ms MarkObjects: 2.837579 ms  DeleteObjects: 0.123209 ms)

AssetImportParameters requested are different than current active one (requested -> active):
  custom:video-decoder-ogg-theora: a1e56fd34408186e4bbccfd4996cb3dc -> 
  custom:container-muxer-webm: aa71ff27fc2769a1b78a27578f13a17b -> 
  custom:container-demuxer-webm: 4f35f7cbe854078d1ac9338744f61a02 -> 
  custom:video-encoder-webm-vp8: eb34c28f22e8b96e1ab97ce403110664 -> 
  custom:framework-osx-AVFoundation: e770b220cccbd017edd2c1fefb359320 -> 
  custom:audio-encoder-webm-vorbis: bf7c407c2cedff20999df2af8eb42d56 -> 
  custom:container-demuxer-ogg: 62fdf1f143b41e24485cea50d1cbac27 -> 
  custom:video-decoder-webm-vp8: 9c59270c3fd7afecdb556c50c9e8de78 -> 
  custom:audio-decoder-ogg-vorbis: bf7c407c2cedff20999df2af8eb42d56 -> 
========================================================================
Received Import Request.
  Time since last request: 1407784.571131 seconds.
  path: Assets/Scenes/7.unity
  artifactKey: Guid(ed5b171430c3e4ceb8c20dcbf35a98ab) Importer(815301076,1909f56bfc062723c751e8b465ee728b)
Start importing Assets/Scenes/7.unity using Guid(ed5b171430c3e4ceb8c20dcbf35a98ab) Importer(815301076,1909f56bfc062723c751e8b465ee728b)  -> (artifact id: '0888132ae51a802e0278fc66cdd5694b') in 0.014378 seconds 
========================================================================
Received Import Request.
  Time since last request: 1.585432 seconds.
  path: Assets/Scenes/Scene_7_1.unity
  artifactKey: Guid(ed5b171430c3e4ceb8c20dcbf35a98ab) Importer(815301076,1909f56bfc062723c751e8b465ee728b)
Start importing Assets/Scenes/Scene_7_1.unity using Guid(ed5b171430c3e4ceb8c20dcbf35a98ab) Importer(815301076,1909f56bfc062723c751e8b465ee728b)  -> (artifact id: 'c4d5bcad5c3fd33fc54bf7d3298acc30') in 0.001110 seconds 
========================================================================
Received Import Request.
  Time since last request: 10.843090 seconds.
  path: Assets/materials/SingleTextureMat.mat
  artifactKey: Guid(24028690be19f438da2f47538f01a2db) Importer(815301076,1909f56bfc062723c751e8b465ee728b)
Start importing Assets/materials/SingleTextureMat.mat using Guid(24028690be19f438da2f47538f01a2db) Importer(815301076,1909f56bfc062723c751e8b465ee728b)  -> (artifact id: '06948b48538445d8b6b9465c1ac6e575') in 0.834126 seconds 
========================================================================
Received Import Request.
  Time since last request: 16.707965 seconds.
  path: Assets/Shader/NewUnlitShader.shader
  artifactKey: Guid(c815c378cee5d416b971faaac8755d49) Importer(815301076,1909f56bfc062723c751e8b465ee728b)
Start importing Assets/Shader/NewUnlitShader.shader using Guid(c815c378cee5d416b971faaac8755d49) Importer(815301076,1909f56bfc062723c751e8b465ee728b)  -> (artifact id: 'c6f7ab25ab17b1721a5493145d926289') in 0.354753 seconds 
========================================================================
Received Import Request.
  Time since last request: 2.011504 seconds.
  path: Assets/Shader/Chapter7-SingleTexture.shader
  artifactKey: Guid(c815c378cee5d416b971faaac8755d49) Importer(815301076,1909f56bfc062723c751e8b465ee728b)
Start importing Assets/Shader/Chapter7-SingleTexture.shader using Guid(c815c378cee5d416b971faaac8755d49) Importer(815301076,1909f56bfc062723c751e8b465ee728b)  -> (artifact id: '5100b966ecbaa35d201f912dba31a46f') in 0.003951 seconds 
========================================================================
Received Import Request.
  Time since last request: 15.864548 seconds.
  path: Assets/Shader/Chapter7-SingleTexture.shader
  artifactKey: Guid(c815c378cee5d416b971faaac8755d49) Importer(815301076,1909f56bfc062723c751e8b465ee728b)
Start importing Assets/Shader/Chapter7-SingleTexture.shader using Guid(c815c378cee5d416b971faaac8755d49) Importer(815301076,1909f56bfc062723c751e8b465ee728b)  -> (artifact id: 'e499c6cdb0d8b50d4bfaaf4a6c3082d2') in 0.002212 seconds 
========================================================================
Received Import Request.
  Time since last request: 380.312508 seconds.
  path: Assets/Shader/Chapter7-SingleTexture.shader
  artifactKey: Guid(c815c378cee5d416b971faaac8755d49) Importer(815301076,1909f56bfc062723c751e8b465ee728b)
Start importing Assets/Shader/Chapter7-SingleTexture.shader using Guid(c815c378cee5d416b971faaac8755d49) Importer(815301076,1909f56bfc062723c751e8b465ee728b)  -> (artifact id: 'de7c4c43eebd8c7a623fe869bd48c186') in 0.006901 seconds 
========================================================================
Received Import Request.
  Time since last request: 21.221764 seconds.
  path: Assets/Scenes/Scene_5_2.unity
  artifactKey: Guid(71e2ff48f86b7456a8a5348c4fc347f2) Importer(815301076,1909f56bfc062723c751e8b465ee728b)
Start importing Assets/Scenes/Scene_5_2.unity using Guid(71e2ff48f86b7456a8a5348c4fc347f2) Importer(815301076,1909f56bfc062723c751e8b465ee728b)  -> (artifact id: '4b8a4598318349f3eae5728a0adf2d05') in 0.001672 seconds 
========================================================================
Received Prepare
Registering precompiled user dll's ...
Registered in 0.003280 seconds.
Begin MonoManager ReloadAssembly
Symbol file LoadedFromMemory doesn't match image /Users/mac/Documents/project/UnityTest/Shader/ShaderHelloWorld/Library/PackageCache/com.unity.visualscripting@1.7.5/Editor/VisualScripting.Core/Dependencies/YamlDotNet/Unity.VisualScripting.YamlDotNet.dll
Symbol file LoadedFromMemory doesn't match image /Users/mac/Documents/project/UnityTest/Shader/ShaderHelloWorld/Library/PackageCache/com.unity.visualscripting@1.7.5/Editor/VisualScripting.Core/Dependencies/DotNetZip/Unity.VisualScripting.IonicZip.dll
Native extension for OSXStandalone target not found
Refreshing native plugins compatible for Editor in 1.41 ms, found 2 plugins.
Preloading 0 native plugins for Editor in 0.00 ms.
Mono: successfully reloaded assembly
- Completed reload, in  1.860 seconds
Domain Reload Profiling:
	ReloadAssembly (1863ms)
		BeginReloadAssembly (623ms)
			ExecutionOrderSort (0ms)
			DisableScriptedObjects (26ms)
			BackupInstance (0ms)
			ReleaseScriptingObjects (0ms)
			CreateAndSetChildDomain (303ms)
		EndReloadAssembly (1047ms)
			LoadAssemblies (257ms)
			RebuildTransferFunctionScriptingTraits (0ms)
			SetupTypeCache (350ms)
			ReleaseScriptCaches (3ms)
			RebuildScriptCaches (66ms)
			SetupLoadedEditorAssemblies (318ms)
				LogAssemblyErrors (0ms)
				InitializePlatformSupportModulesInManaged (12ms)
				SetLoadedEditorAssemblies (1ms)
				RefreshPlugins (1ms)
				BeforeProcessingInitializeOnLoad (54ms)
				ProcessInitializeOnLoadAttributes (224ms)
				ProcessInitializeOnLoadMethodAttributes (24ms)
				AfterProcessingInitializeOnLoad (2ms)
				EditorAssembliesLoaded (0ms)
			ExecutionOrderSort2 (0ms)
			AwakeInstancesAfterBackupRestoration (4ms)
Platform modules already initialized, skipping
Refreshing native plugins compatible for Editor in 0.87 ms, found 2 plugins.
Preloading 0 native plugins for Editor in 0.00 ms.
Unloading 3208 Unused Serialized files (Serialized files now loaded: 0)
Unloading 24 unused Assets / (103.7 KB). Loaded Objects now: 3711.
Memory consumption went from 244.3 MB to 244.2 MB.
Total: 4.867724 ms (FindLiveObjects: 0.333129 ms CreateObjectMapping: 0.179815 ms MarkObjects: 4.051964 ms  DeleteObjects: 0.301498 ms)

AssetImportParameters requested are different than current active one (requested -> active):
  custom:video-decoder-ogg-theora: a1e56fd34408186e4bbccfd4996cb3dc -> 
  custom:container-muxer-webm: aa71ff27fc2769a1b78a27578f13a17b -> 
  custom:container-demuxer-webm: 4f35f7cbe854078d1ac9338744f61a02 -> 
  custom:video-encoder-webm-vp8: eb34c28f22e8b96e1ab97ce403110664 -> 
  custom:framework-osx-AVFoundation: e770b220cccbd017edd2c1fefb359320 -> 
  custom:audio-encoder-webm-vorbis: bf7c407c2cedff20999df2af8eb42d56 -> 
  custom:container-demuxer-ogg: 62fdf1f143b41e24485cea50d1cbac27 -> 
  custom:video-decoder-webm-vp8: 9c59270c3fd7afecdb556c50c9e8de78 -> 
  custom:audio-decoder-ogg-vorbis: bf7c407c2cedff20999df2af8eb42d56 -> 
========================================================================
Received Prepare
Registering precompiled user dll's ...
Registered in 0.002176 seconds.
Begin MonoManager ReloadAssembly
Symbol file LoadedFromMemory doesn't match image /Users/mac/Documents/project/UnityTest/Shader/ShaderHelloWorld/Library/PackageCache/com.unity.visualscripting@1.7.5/Editor/VisualScripting.Core/Dependencies/YamlDotNet/Unity.VisualScripting.YamlDotNet.dll
Symbol file LoadedFromMemory doesn't match image /Users/mac/Documents/project/UnityTest/Shader/ShaderHelloWorld/Library/PackageCache/com.unity.visualscripting@1.7.5/Editor/VisualScripting.Core/Dependencies/DotNetZip/Unity.VisualScripting.IonicZip.dll
Native extension for OSXStandalone target not found
Refreshing native plugins compatible for Editor in 1.04 ms, found 2 plugins.
Preloading 0 native plugins for Editor in 0.00 ms.
Mono: successfully reloaded assembly
- Completed reload, in  1.275 seconds
Domain Reload Profiling:
	ReloadAssembly (1276ms)
		BeginReloadAssembly (148ms)
			ExecutionOrderSort (0ms)
			DisableScriptedObjects (6ms)
			BackupInstance (0ms)
			ReleaseScriptingObjects (0ms)
			CreateAndSetChildDomain (58ms)
		EndReloadAssembly (1027ms)
			LoadAssemblies (76ms)
			RebuildTransferFunctionScriptingTraits (0ms)
			SetupTypeCache (310ms)
			ReleaseScriptCaches (1ms)
			RebuildScriptCaches (46ms)
			SetupLoadedEditorAssemblies (442ms)
				LogAssemblyErrors (0ms)
				InitializePlatformSupportModulesInManaged (9ms)
				SetLoadedEditorAssemblies (1ms)
				RefreshPlugins (1ms)
				BeforeProcessingInitializeOnLoad (58ms)
				ProcessInitializeOnLoadAttributes (345ms)
				ProcessInitializeOnLoadMethodAttributes (26ms)
				AfterProcessingInitializeOnLoad (2ms)
				EditorAssembliesLoaded (0ms)
			ExecutionOrderSort2 (0ms)
			AwakeInstancesAfterBackupRestoration (5ms)
Platform modules already initialized, skipping
Refreshing native plugins compatible for Editor in 1.81 ms, found 2 plugins.
Preloading 0 native plugins for Editor in 0.00 ms.
Unloading 3208 Unused Serialized files (Serialized files now loaded: 0)
Unloading 24 unused Assets / (103.5 KB). Loaded Objects now: 3713.
Memory consumption went from 244.6 MB to 244.5 MB.
Total: 3.015795 ms (FindLiveObjects: 0.312902 ms CreateObjectMapping: 0.196961 ms MarkObjects: 2.382072 ms  DeleteObjects: 0.122103 ms)

AssetImportParameters requested are different than current active one (requested -> active):
  custom:video-decoder-ogg-theora: a1e56fd34408186e4bbccfd4996cb3dc -> 
  custom:container-muxer-webm: aa71ff27fc2769a1b78a27578f13a17b -> 
  custom:container-demuxer-webm: 4f35f7cbe854078d1ac9338744f61a02 -> 
  custom:video-encoder-webm-vp8: eb34c28f22e8b96e1ab97ce403110664 -> 
  custom:framework-osx-AVFoundation: e770b220cccbd017edd2c1fefb359320 -> 
  custom:audio-encoder-webm-vorbis: bf7c407c2cedff20999df2af8eb42d56 -> 
  custom:container-demuxer-ogg: 62fdf1f143b41e24485cea50d1cbac27 -> 
  custom:video-decoder-webm-vp8: 9c59270c3fd7afecdb556c50c9e8de78 -> 
  custom:audio-decoder-ogg-vorbis: bf7c407c2cedff20999df2af8eb42d56 -> 
========================================================================
Received Import Request.
  Time since last request: 14923.773562 seconds.
  path: Assets/Shader/Chapter7-SingleTexture.shader
  artifactKey: Guid(c815c378cee5d416b971faaac8755d49) Importer(815301076,1909f56bfc062723c751e8b465ee728b)
Start importing Assets/Shader/Chapter7-SingleTexture.shader using Guid(c815c378cee5d416b971faaac8755d49) Importer(815301076,1909f56bfc062723c751e8b465ee728b)  -> (artifact id: 'afa948b6fb1fb175cdd2490117f0dc26') in 0.037250 seconds 
